================================================================================
CICS TRANSACTION LOG - PRODUCTION REGION CICSPRD1
SYSTEM: MAINFRAME-PROD-01 | REGION: CICSPRD1
DATE RANGE: 2024-01-01 THROUGH 2024-12-31
GENERATED: 2025-01-02 06:00:00 EST
================================================================================

TRANSACTION SUMMARY BY PROGRAM
================================================================================
PROGRAM    | TRAN ID | DAILY AVG | PEAK HOUR | TOTAL 2024  | LAST SEEN
-----------|---------|-----------|-----------|-------------|------------
CUSTMGMT   | CUST    |       132 |        28 |      48,291 | 2024-12-31
CUSTMGMT   | CINQ    |        85 |        19 |      31,204 | 2024-12-31
CUSTMGMT   | CADD    |        11 |         4 |       3,847 | 2024-12-31
CUSTMGMT   | CUPD    |        34 |         8 |      12,456 | 2024-12-31
CUSTMGMT   | CDEL    |      0.43 |         2 |         156 | 2024-12-28
CUSTMGMT   | CRPT    |      0.03 |         1 |          12 | 2024-12-31
CUSTMGMT   | CARC    |         0 |         0 |           0 | 2019-06-15
CUSTMGMT   | CPRG    |         0 |         0 |           0 | 2018-12-01
CUSTMGMT   | CMIG    |         0 |         0 |           0 | NEVER

ONLINE RESPONSE TIME METRICS (CUSTMGMT)
================================================================================
FUNCTION   | AVG MS | P95 MS | P99 MS | TIMEOUT COUNT
-----------|--------|--------|--------|-------------
INQUIRY    |     45 |     82 |    156 |            3
ADD        |     67 |    124 |    245 |            0
UPDATE     |     52 |     98 |    189 |            1
DELETE     |     48 |     89 |    167 |            0
REPORT     |  2,450 |  4,200 |  6,800 |            2

PEAK USAGE HOURS: 09:00-11:00 EST, 14:00-16:00 EST
WEEKEND ACTIVITY: 12% of weekday volume (inquiry only)

================================================================================
CICS RESOURCE UTILIZATION - CUSTMGMT
================================================================================
RESOURCE          | CURRENT | MAX ALLOCATED | UTILIZATION
------------------|---------|---------------|------------
TASK CONTROL      |      12 |           50  |        24%
FILE CONTROL      |       3 |           10  |        30%
TEMP STORAGE      |     2MB |          20MB |        10%
TRANSIENT DATA    |    512K |           5MB |        10%

================================================================================
BATCH JOB SCHEDULE - ACCTPROC
================================================================================
JOB NAME   | SCHEDULE        | AVG DURATION | LAST RUN
-----------|-----------------|--------------|-------------
ACCTNTLY   | DAILY 01:00 EST |    6 min 23s | 2024-12-31
ACCTRPT    | MONTHLY 1st     |   12 min 45s | 2024-12-01
ACCTFEE    | NOT SCHEDULED   |         N/A  | 2021-03-31
ACCTSTMT   | NOT SCHEDULED   |         N/A  | 2020-06-30

================================================================================
END OF CICS TRANSACTION LOG
================================================================================
